<?xml version="1.0" encoding="UTF-8"?>
<!-- Generated by org.testng.reporters.JUnitReportReporter -->
<testsuite hostname="RK" failures="0" tests="1" name="testClasses.OrangeHRM_AddEmployeeTest" time="23.139" errors="0" timestamp="2025-05-13T20:21:47 IST" skipped="0">
  <testcase classname="testClasses.OrangeHRM_AddEmployeeTest" name="addEmployeeTest" time="23.139"/>
  <system-out/>
</testsuite> <!-- testClasses.OrangeHRM_AddEmployeeTest -->
