<?xml version="1.0" encoding="UTF-8"?>
<!-- Generated by org.testng.reporters.JUnitReportReporter -->
<testsuite hostname="RK" failures="0" tests="1" name="testClasses.OrangeHRM_LogoutTest" time="20.360" errors="0" timestamp="2025-05-14T16:37:23 IST" skipped="0">
  <testcase classname="testClasses.OrangeHRM_LogoutTest" name="testLogout" time="20.360"/>
  <system-out/>
</testsuite> <!-- testClasses.OrangeHRM_LogoutTest -->
