<?xml version="1.0" encoding="UTF-8"?>
<!-- Generated by org.testng.reporters.JUnitReportReporter -->
<testsuite hostname="RK" failures="0" tests="1" name="testClasses.OrangeHRM_LoginTest" time="10.078" errors="0" timestamp="2025-05-13T20:21:47 IST" skipped="0">
  <testcase classname="testClasses.OrangeHRM_LoginTest" name="loginTest" time="10.078"/>
  <system-out/>
</testsuite> <!-- testClasses.OrangeHRM_LoginTest -->
