<?xml version="1.0" encoding="UTF-8"?>
<!-- Generated by org.testng.reporters.JUnitReportReporter -->
<testsuite hostname="RK" failures="0" tests="1" name="testClasses.OrangeHRM_LogoutTest" time="15.511" errors="0" timestamp="2025-05-15T09:53:14 IST" skipped="0">
  <testcase classname="testClasses.OrangeHRM_LogoutTest" name="testLogout" time="15.511"/>
  <system-out>
    <![CDATA[Test has been Started
Test case is passed]]>
  </system-out>
</testsuite> <!-- testClasses.OrangeHRM_LogoutTest -->
